{"/Users/befantastic/my_repos/bloglist-frontend/src/App.js": {"path":"/Users/befantastic/my_repos/bloglist-frontend/src/App.js","statementMap":{"0":{"start":{"line":10,"column":12},"end":{"line":171,"column":1}},"1":{"start":{"line":11,"column":28},"end":{"line":11,"column":40}},"2":{"start":{"line":12,"column":34},"end":{"line":12,"column":46}},"3":{"start":{"line":13,"column":34},"end":{"line":13,"column":46}},"4":{"start":{"line":14,"column":26},"end":{"line":14,"column":40}},"5":{"start":{"line":15,"column":32},"end":{"line":15,"column":46}},"6":{"start":{"line":16,"column":42},"end":{"line":16,"column":57}},"7":{"start":{"line":17,"column":40},"end":{"line":17,"column":55}},"8":{"start":{"line":18,"column":52},"end":{"line":18,"column":67}},"9":{"start":{"line":19,"column":2},"end":{"line":23,"column":8}},"10":{"start":{"line":20,"column":4},"end":{"line":22,"column":5}},"11":{"start":{"line":21,"column":6},"end":{"line":21,"column":21}},"12":{"start":{"line":25,"column":2},"end":{"line":32,"column":8}},"13":{"start":{"line":26,"column":27},"end":{"line":26,"column":75}},"14":{"start":{"line":27,"column":4},"end":{"line":31,"column":5}},"15":{"start":{"line":28,"column":19},"end":{"line":28,"column":45}},"16":{"start":{"line":29,"column":6},"end":{"line":29,"column":19}},"17":{"start":{"line":30,"column":6},"end":{"line":30,"column":38}},"18":{"start":{"line":36,"column":22},"end":{"line":55,"column":3}},"19":{"start":{"line":37,"column":4},"end":{"line":37,"column":26}},"20":{"start":{"line":38,"column":4},"end":{"line":54,"column":5}},"21":{"start":{"line":39,"column":19},"end":{"line":41,"column":8}},"22":{"start":{"line":43,"column":6},"end":{"line":43,"column":19}},"23":{"start":{"line":44,"column":6},"end":{"line":44,"column":38}},"24":{"start":{"line":45,"column":6},"end":{"line":45,"column":76}},"25":{"start":{"line":46,"column":6},"end":{"line":46,"column":21}},"26":{"start":{"line":47,"column":6},"end":{"line":47,"column":21}},"27":{"start":{"line":50,"column":6},"end":{"line":50,"column":46}},"28":{"start":{"line":51,"column":6},"end":{"line":53,"column":14}},"29":{"start":{"line":52,"column":8},"end":{"line":52,"column":24}},"30":{"start":{"line":57,"column":23},"end":{"line":60,"column":3}},"31":{"start":{"line":58,"column":4},"end":{"line":58,"column":17}},"32":{"start":{"line":59,"column":4},"end":{"line":59,"column":55}},"33":{"start":{"line":64,"column":20},"end":{"line":77,"column":3}},"34":{"start":{"line":65,"column":4},"end":{"line":76,"column":7}},"35":{"start":{"line":68,"column":31},"end":{"line":68,"column":52}},"36":{"start":{"line":73,"column":120},"end":{"line":73,"column":145}},"37":{"start":{"line":73,"column":185},"end":{"line":73,"column":210}},"38":{"start":{"line":74,"column":31},"end":{"line":74,"column":53}},"39":{"start":{"line":80,"column":18},"end":{"line":86,"column":3}},"40":{"start":{"line":81,"column":4},"end":{"line":85,"column":8}},"41":{"start":{"line":84,"column":8},"end":{"line":84,"column":44}},"42":{"start":{"line":88,"column":30},"end":{"line":93,"column":3}},"43":{"start":{"line":89,"column":4},"end":{"line":89,"column":72}},"44":{"start":{"line":90,"column":4},"end":{"line":92,"column":12}},"45":{"start":{"line":91,"column":6},"end":{"line":91,"column":22}},"46":{"start":{"line":96,"column":22},"end":{"line":105,"column":3}},"47":{"start":{"line":97,"column":17},"end":{"line":97,"column":51}},"48":{"start":{"line":97,"column":36},"end":{"line":97,"column":50}},"49":{"start":{"line":98,"column":24},"end":{"line":98,"column":58}},"50":{"start":{"line":100,"column":4},"end":{"line":104,"column":8}},"51":{"start":{"line":103,"column":8},"end":{"line":103,"column":73}},"52":{"start":{"line":103,"column":35},"end":{"line":103,"column":71}},"53":{"start":{"line":107,"column":23},"end":{"line":118,"column":3}},"54":{"start":{"line":108,"column":17},"end":{"line":108,"column":51}},"55":{"start":{"line":108,"column":36},"end":{"line":108,"column":50}},"56":{"start":{"line":109,"column":4},"end":{"line":117,"column":5}},"57":{"start":{"line":110,"column":6},"end":{"line":113,"column":72}},"58":{"start":{"line":112,"column":44},"end":{"line":112,"column":58}},"59":{"start":{"line":114,"column":6},"end":{"line":116,"column":14}},"60":{"start":{"line":115,"column":8},"end":{"line":115,"column":24}},"61":{"start":{"line":120,"column":26},"end":{"line":122,"column":3}},"62":{"start":{"line":121,"column":4},"end":{"line":121,"column":28}},"63":{"start":{"line":124,"column":36},"end":{"line":126,"column":3}},"64":{"start":{"line":125,"column":4},"end":{"line":125,"column":44}},"65":{"start":{"line":128,"column":20},"end":{"line":159,"column":3}},"66":{"start":{"line":129,"column":4},"end":{"line":157,"column":7}},"67":{"start":{"line":137,"column":31},"end":{"line":137,"column":51}},"68":{"start":{"line":143,"column":31},"end":{"line":143,"column":52}},"69":{"start":{"line":148,"column":8},"end":{"line":154,"column":10}},"70":{"start":{"line":149,"column":26},"end":{"line":149,"column":46}},"71":{"start":{"line":150,"column":28},"end":{"line":150,"column":49}},"72":{"start":{"line":161,"column":2},"end":{"line":170,"column":3}}},"fnMap":{"0":{"name":"(anonymous_0)","decl":{"start":{"line":10,"column":12},"end":{"line":10,"column":13}},"loc":{"start":{"line":10,"column":18},"end":{"line":171,"column":1}},"line":10},"1":{"name":"(anonymous_1)","decl":{"start":{"line":19,"column":12},"end":{"line":19,"column":13}},"loc":{"start":{"line":19,"column":18},"end":{"line":23,"column":3}},"line":19},"2":{"name":"(anonymous_2)","decl":{"start":{"line":20,"column":30},"end":{"line":20,"column":31}},"loc":{"start":{"line":21,"column":6},"end":{"line":21,"column":21}},"line":21},"3":{"name":"(anonymous_3)","decl":{"start":{"line":25,"column":12},"end":{"line":25,"column":13}},"loc":{"start":{"line":25,"column":18},"end":{"line":32,"column":3}},"line":25},"4":{"name":"(anonymous_4)","decl":{"start":{"line":36,"column":22},"end":{"line":36,"column":23}},"loc":{"start":{"line":36,"column":39},"end":{"line":55,"column":3}},"line":36},"5":{"name":"(anonymous_5)","decl":{"start":{"line":51,"column":17},"end":{"line":51,"column":18}},"loc":{"start":{"line":51,"column":23},"end":{"line":53,"column":7}},"line":51},"6":{"name":"(anonymous_6)","decl":{"start":{"line":57,"column":23},"end":{"line":57,"column":24}},"loc":{"start":{"line":57,"column":29},"end":{"line":60,"column":3}},"line":57},"7":{"name":"(anonymous_7)","decl":{"start":{"line":64,"column":20},"end":{"line":64,"column":21}},"loc":{"start":{"line":65,"column":4},"end":{"line":76,"column":7}},"line":65},"8":{"name":"(anonymous_8)","decl":{"start":{"line":68,"column":25},"end":{"line":68,"column":26}},"loc":{"start":{"line":68,"column":31},"end":{"line":68,"column":52}},"line":68},"9":{"name":"(anonymous_9)","decl":{"start":{"line":73,"column":104},"end":{"line":73,"column":105}},"loc":{"start":{"line":73,"column":120},"end":{"line":73,"column":145}},"line":73},"10":{"name":"(anonymous_10)","decl":{"start":{"line":73,"column":169},"end":{"line":73,"column":170}},"loc":{"start":{"line":73,"column":185},"end":{"line":73,"column":210}},"line":73},"11":{"name":"(anonymous_11)","decl":{"start":{"line":74,"column":25},"end":{"line":74,"column":26}},"loc":{"start":{"line":74,"column":31},"end":{"line":74,"column":53}},"line":74},"12":{"name":"(anonymous_12)","decl":{"start":{"line":80,"column":18},"end":{"line":80,"column":19}},"loc":{"start":{"line":80,"column":34},"end":{"line":86,"column":3}},"line":80},"13":{"name":"(anonymous_13)","decl":{"start":{"line":83,"column":12},"end":{"line":83,"column":13}},"loc":{"start":{"line":83,"column":28},"end":{"line":85,"column":7}},"line":83},"14":{"name":"(anonymous_14)","decl":{"start":{"line":88,"column":30},"end":{"line":88,"column":31}},"loc":{"start":{"line":88,"column":46},"end":{"line":93,"column":3}},"line":88},"15":{"name":"(anonymous_15)","decl":{"start":{"line":90,"column":15},"end":{"line":90,"column":16}},"loc":{"start":{"line":90,"column":21},"end":{"line":92,"column":5}},"line":90},"16":{"name":"(anonymous_16)","decl":{"start":{"line":96,"column":22},"end":{"line":96,"column":23}},"loc":{"start":{"line":96,"column":30},"end":{"line":105,"column":3}},"line":96},"17":{"name":"(anonymous_17)","decl":{"start":{"line":97,"column":28},"end":{"line":97,"column":29}},"loc":{"start":{"line":97,"column":36},"end":{"line":97,"column":50}},"line":97},"18":{"name":"(anonymous_18)","decl":{"start":{"line":102,"column":12},"end":{"line":102,"column":13}},"loc":{"start":{"line":102,"column":28},"end":{"line":104,"column":7}},"line":102},"19":{"name":"(anonymous_19)","decl":{"start":{"line":103,"column":27},"end":{"line":103,"column":28}},"loc":{"start":{"line":103,"column":35},"end":{"line":103,"column":71}},"line":103},"20":{"name":"(anonymous_20)","decl":{"start":{"line":107,"column":23},"end":{"line":107,"column":24}},"loc":{"start":{"line":107,"column":31},"end":{"line":118,"column":3}},"line":107},"21":{"name":"(anonymous_21)","decl":{"start":{"line":108,"column":28},"end":{"line":108,"column":29}},"loc":{"start":{"line":108,"column":36},"end":{"line":108,"column":50}},"line":108},"22":{"name":"(anonymous_22)","decl":{"start":{"line":112,"column":36},"end":{"line":112,"column":37}},"loc":{"start":{"line":112,"column":44},"end":{"line":112,"column":58}},"line":112},"23":{"name":"(anonymous_23)","decl":{"start":{"line":114,"column":17},"end":{"line":114,"column":18}},"loc":{"start":{"line":114,"column":23},"end":{"line":116,"column":7}},"line":114},"24":{"name":"(anonymous_24)","decl":{"start":{"line":120,"column":26},"end":{"line":120,"column":27}},"loc":{"start":{"line":120,"column":36},"end":{"line":122,"column":3}},"line":120},"25":{"name":"(anonymous_25)","decl":{"start":{"line":124,"column":36},"end":{"line":124,"column":37}},"loc":{"start":{"line":124,"column":42},"end":{"line":126,"column":3}},"line":124},"26":{"name":"(anonymous_26)","decl":{"start":{"line":128,"column":20},"end":{"line":128,"column":21}},"loc":{"start":{"line":129,"column":4},"end":{"line":157,"column":7}},"line":129},"27":{"name":"(anonymous_27)","decl":{"start":{"line":137,"column":25},"end":{"line":137,"column":26}},"loc":{"start":{"line":137,"column":31},"end":{"line":137,"column":51}},"line":137},"28":{"name":"(anonymous_28)","decl":{"start":{"line":143,"column":25},"end":{"line":143,"column":26}},"loc":{"start":{"line":143,"column":31},"end":{"line":143,"column":52}},"line":143},"29":{"name":"(anonymous_29)","decl":{"start":{"line":147,"column":39},"end":{"line":147,"column":40}},"loc":{"start":{"line":148,"column":8},"end":{"line":154,"column":10}},"line":148},"30":{"name":"(anonymous_30)","decl":{"start":{"line":149,"column":20},"end":{"line":149,"column":21}},"loc":{"start":{"line":149,"column":26},"end":{"line":149,"column":46}},"line":149},"31":{"name":"(anonymous_31)","decl":{"start":{"line":150,"column":22},"end":{"line":150,"column":23}},"loc":{"start":{"line":150,"column":28},"end":{"line":150,"column":49}},"line":150}},"branchMap":{"0":{"loc":{"start":{"line":27,"column":4},"end":{"line":31,"column":5}},"type":"if","locations":[{"start":{"line":27,"column":4},"end":{"line":31,"column":5}},{"start":{},"end":{}}],"line":27},"1":{"loc":{"start":{"line":67,"column":29},"end":{"line":67,"column":55}},"type":"cond-expr","locations":[{"start":{"line":67,"column":44},"end":{"line":67,"column":50}},{"start":{"line":67,"column":53},"end":{"line":67,"column":55}}],"line":67},"2":{"loc":{"start":{"line":72,"column":29},"end":{"line":72,"column":55}},"type":"cond-expr","locations":[{"start":{"line":72,"column":44},"end":{"line":72,"column":46}},{"start":{"line":72,"column":49},"end":{"line":72,"column":55}}],"line":72},"3":{"loc":{"start":{"line":103,"column":35},"end":{"line":103,"column":71}},"type":"cond-expr","locations":[{"start":{"line":103,"column":52},"end":{"line":103,"column":56}},{"start":{"line":103,"column":59},"end":{"line":103,"column":71}}],"line":103},"4":{"loc":{"start":{"line":109,"column":4},"end":{"line":117,"column":5}},"type":"if","locations":[{"start":{"line":109,"column":4},"end":{"line":117,"column":5}},{"start":{},"end":{}}],"line":109},"5":{"loc":{"start":{"line":136,"column":29},"end":{"line":136,"column":54}},"type":"cond-expr","locations":[{"start":{"line":136,"column":43},"end":{"line":136,"column":49}},{"start":{"line":136,"column":52},"end":{"line":136,"column":54}}],"line":136},"6":{"loc":{"start":{"line":140,"column":29},"end":{"line":140,"column":54}},"type":"cond-expr","locations":[{"start":{"line":140,"column":43},"end":{"line":140,"column":45}},{"start":{"line":140,"column":48},"end":{"line":140,"column":54}}],"line":140},"7":{"loc":{"start":{"line":152,"column":40},"end":{"line":152,"column":71}},"type":"cond-expr","locations":[{"start":{"line":152,"column":60},"end":{"line":152,"column":66}},{"start":{"line":152,"column":69},"end":{"line":152,"column":71}}],"line":152},"8":{"loc":{"start":{"line":153,"column":41},"end":{"line":153,"column":72}},"type":"cond-expr","locations":[{"start":{"line":153,"column":61},"end":{"line":153,"column":63}},{"start":{"line":153,"column":66},"end":{"line":153,"column":72}}],"line":153},"9":{"loc":{"start":{"line":164,"column":7},"end":{"line":164,"column":35}},"type":"binary-expr","locations":[{"start":{"line":164,"column":7},"end":{"line":164,"column":20}},{"start":{"line":164,"column":24},"end":{"line":164,"column":35}}],"line":164},"10":{"loc":{"start":{"line":165,"column":7},"end":{"line":165,"column":35}},"type":"binary-expr","locations":[{"start":{"line":165,"column":7},"end":{"line":165,"column":20}},{"start":{"line":165,"column":24},"end":{"line":165,"column":35}}],"line":165}},"s":{"0":0,"1":0,"2":0,"3":0,"4":0,"5":0,"6":0,"7":0,"8":0,"9":0,"10":0,"11":0,"12":0,"13":0,"14":0,"15":0,"16":0,"17":0,"18":0,"19":0,"20":0,"21":0,"22":0,"23":0,"24":0,"25":0,"26":0,"27":0,"28":0,"29":0,"30":0,"31":0,"32":0,"33":0,"34":0,"35":0,"36":0,"37":0,"38":0,"39":0,"40":0,"41":0,"42":0,"43":0,"44":0,"45":0,"46":0,"47":0,"48":0,"49":0,"50":0,"51":0,"52":0,"53":0,"54":0,"55":0,"56":0,"57":0,"58":0,"59":0,"60":0,"61":0,"62":0,"63":0,"64":0,"65":0,"66":0,"67":0,"68":0,"69":0,"70":0,"71":0,"72":0},"f":{"0":0,"1":0,"2":0,"3":0,"4":0,"5":0,"6":0,"7":0,"8":0,"9":0,"10":0,"11":0,"12":0,"13":0,"14":0,"15":0,"16":0,"17":0,"18":0,"19":0,"20":0,"21":0,"22":0,"23":0,"24":0,"25":0,"26":0,"27":0,"28":0,"29":0,"30":0,"31":0},"b":{"0":[0,0],"1":[0,0],"2":[0,0],"3":[0,0],"4":[0,0],"5":[0,0],"6":[0,0],"7":[0,0],"8":[0,0],"9":[0,0],"10":[0,0]}}
,"/Users/befantastic/my_repos/bloglist-frontend/src/index.js": {"path":"/Users/befantastic/my_repos/bloglist-frontend/src/index.js","statementMap":{"0":{"start":{"line":5,"column":0},"end":{"line":5,"column":68}}},"fnMap":{},"branchMap":{},"s":{"0":0},"f":{},"b":{}}
,"/Users/befantastic/my_repos/bloglist-frontend/src/components/Blog.js": {"path":"/Users/befantastic/my_repos/bloglist-frontend/src/components/Blog.js","statementMap":{"0":{"start":{"line":6,"column":13},"end":{"line":48,"column":1}},"1":{"start":{"line":10,"column":20},"end":{"line":16,"column":3}},"2":{"start":{"line":22,"column":2},"end":{"line":47,"column":3}},"3":{"start":{"line":49,"column":0},"end":{"line":52,"column":1}}},"fnMap":{"0":{"name":"(anonymous_0)","decl":{"start":{"line":6,"column":13},"end":{"line":6,"column":14}},"loc":{"start":{"line":6,"column":113},"end":{"line":48,"column":1}},"line":6}},"branchMap":{},"s":{"0":0,"1":0,"2":0,"3":0},"f":{"0":0},"b":{}}
,"/Users/befantastic/my_repos/bloglist-frontend/src/components/BlogForm.js": {"path":"/Users/befantastic/my_repos/bloglist-frontend/src/components/BlogForm.js","statementMap":{"0":{"start":{"line":4,"column":17},"end":{"line":38,"column":1}},"1":{"start":{"line":5,"column":36},"end":{"line":5,"column":48}},"2":{"start":{"line":6,"column":38},"end":{"line":6,"column":50}},"3":{"start":{"line":7,"column":32},"end":{"line":7,"column":44}},"4":{"start":{"line":10,"column":21},"end":{"line":26,"column":5}},"5":{"start":{"line":12,"column":8},"end":{"line":12,"column":30}},"6":{"start":{"line":14,"column":27},"end":{"line":19,"column":9}},"7":{"start":{"line":21,"column":8},"end":{"line":21,"column":32}},"8":{"start":{"line":22,"column":8},"end":{"line":22,"column":38}},"9":{"start":{"line":23,"column":8},"end":{"line":23,"column":23}},"10":{"start":{"line":24,"column":8},"end":{"line":24,"column":24}},"11":{"start":{"line":25,"column":8},"end":{"line":25,"column":21}},"12":{"start":{"line":27,"column":4},"end":{"line":37,"column":5}},"13":{"start":{"line":29,"column":96},"end":{"line":29,"column":121}},"14":{"start":{"line":31,"column":98},"end":{"line":31,"column":124}},"15":{"start":{"line":33,"column":89},"end":{"line":33,"column":112}}},"fnMap":{"0":{"name":"(anonymous_0)","decl":{"start":{"line":4,"column":17},"end":{"line":4,"column":18}},"loc":{"start":{"line":4,"column":59},"end":{"line":38,"column":1}},"line":4},"1":{"name":"(anonymous_1)","decl":{"start":{"line":10,"column":21},"end":{"line":10,"column":22}},"loc":{"start":{"line":10,"column":32},"end":{"line":26,"column":5}},"line":10},"2":{"name":"(anonymous_2)","decl":{"start":{"line":29,"column":80},"end":{"line":29,"column":81}},"loc":{"start":{"line":29,"column":96},"end":{"line":29,"column":121}},"line":29},"3":{"name":"(anonymous_3)","decl":{"start":{"line":31,"column":82},"end":{"line":31,"column":83}},"loc":{"start":{"line":31,"column":98},"end":{"line":31,"column":124}},"line":31},"4":{"name":"(anonymous_4)","decl":{"start":{"line":33,"column":73},"end":{"line":33,"column":74}},"loc":{"start":{"line":33,"column":89},"end":{"line":33,"column":112}},"line":33}},"branchMap":{},"s":{"0":1,"1":85,"2":85,"3":85,"4":85,"5":1,"6":1,"7":1,"8":1,"9":1,"10":1,"11":1,"12":85,"13":34,"14":28,"15":21},"f":{"0":85,"1":1,"2":34,"3":28,"4":21},"b":{},"_coverageSchema":"1a1c01bbd47fc00a2c39e90264f33305004495a9","hash":"a42b9aed55dd11766bea3eb66a27428aca3dd43f"}
,"/Users/befantastic/my_repos/bloglist-frontend/src/components/LoginForm.js": {"path":"/Users/befantastic/my_repos/bloglist-frontend/src/components/LoginForm.js","statementMap":{"0":{"start":{"line":4,"column":18},"end":{"line":30,"column":1}},"1":{"start":{"line":7,"column":4},"end":{"line":29,"column":5}},"2":{"start":{"line":32,"column":0},"end":{"line":35,"column":1}}},"fnMap":{"0":{"name":"(anonymous_0)","decl":{"start":{"line":4,"column":18},"end":{"line":4,"column":19}},"loc":{"start":{"line":5,"column":31},"end":{"line":30,"column":1}},"line":5}},"branchMap":{},"s":{"0":0,"1":0,"2":0},"f":{"0":0},"b":{}}
,"/Users/befantastic/my_repos/bloglist-frontend/src/components/Notification.js": {"path":"/Users/befantastic/my_repos/bloglist-frontend/src/components/Notification.js","statementMap":{"0":{"start":{"line":3,"column":21},"end":{"line":10,"column":1}},"1":{"start":{"line":4,"column":4},"end":{"line":6,"column":5}},"2":{"start":{"line":5,"column":8},"end":{"line":5,"column":19}},"3":{"start":{"line":7,"column":4},"end":{"line":9,"column":5}}},"fnMap":{"0":{"name":"(anonymous_0)","decl":{"start":{"line":3,"column":21},"end":{"line":3,"column":22}},"loc":{"start":{"line":3,"column":32},"end":{"line":10,"column":1}},"line":3}},"branchMap":{"0":{"loc":{"start":{"line":4,"column":4},"end":{"line":6,"column":5}},"type":"if","locations":[{"start":{"line":4,"column":4},"end":{"line":6,"column":5}},{"start":{},"end":{}}],"line":4}},"s":{"0":0,"1":0,"2":0,"3":0},"f":{"0":0},"b":{"0":[0,0]}}
,"/Users/befantastic/my_repos/bloglist-frontend/src/services/blogs.js": {"path":"/Users/befantastic/my_repos/bloglist-frontend/src/services/blogs.js","statementMap":{"0":{"start":{"line":2,"column":16},"end":{"line":2,"column":28}},"1":{"start":{"line":4,"column":12},"end":{"line":4,"column":16}},"2":{"start":{"line":5,"column":13},"end":{"line":5,"column":17}},"3":{"start":{"line":7,"column":17},"end":{"line":12,"column":1}},"4":{"start":{"line":8,"column":2},"end":{"line":8,"column":30}},"5":{"start":{"line":9,"column":2},"end":{"line":11,"column":3}},"6":{"start":{"line":14,"column":15},"end":{"line":17,"column":1}},"7":{"start":{"line":15,"column":18},"end":{"line":15,"column":44}},"8":{"start":{"line":16,"column":2},"end":{"line":16,"column":48}},"9":{"start":{"line":16,"column":34},"end":{"line":16,"column":47}},"10":{"start":{"line":19,"column":18},"end":{"line":22,"column":1}},"11":{"start":{"line":20,"column":19},"end":{"line":20,"column":63}},"12":{"start":{"line":21,"column":2},"end":{"line":21,"column":22}},"13":{"start":{"line":24,"column":15},"end":{"line":27,"column":1}},"14":{"start":{"line":25,"column":19},"end":{"line":25,"column":73}},"15":{"start":{"line":26,"column":2},"end":{"line":26,"column":22}},"16":{"start":{"line":29,"column":15},"end":{"line":32,"column":1}},"17":{"start":{"line":30,"column":19},"end":{"line":30,"column":65}},"18":{"start":{"line":31,"column":2},"end":{"line":31,"column":22}}},"fnMap":{"0":{"name":"(anonymous_0)","decl":{"start":{"line":7,"column":17},"end":{"line":7,"column":18}},"loc":{"start":{"line":7,"column":31},"end":{"line":12,"column":1}},"line":7},"1":{"name":"(anonymous_1)","decl":{"start":{"line":14,"column":15},"end":{"line":14,"column":16}},"loc":{"start":{"line":14,"column":21},"end":{"line":17,"column":1}},"line":14},"2":{"name":"(anonymous_2)","decl":{"start":{"line":16,"column":22},"end":{"line":16,"column":23}},"loc":{"start":{"line":16,"column":34},"end":{"line":16,"column":47}},"line":16},"3":{"name":"(anonymous_3)","decl":{"start":{"line":19,"column":18},"end":{"line":19,"column":19}},"loc":{"start":{"line":19,"column":37},"end":{"line":22,"column":1}},"line":19},"4":{"name":"(anonymous_4)","decl":{"start":{"line":24,"column":15},"end":{"line":24,"column":16}},"loc":{"start":{"line":24,"column":40},"end":{"line":27,"column":1}},"line":24},"5":{"name":"(anonymous_5)","decl":{"start":{"line":29,"column":15},"end":{"line":29,"column":16}},"loc":{"start":{"line":29,"column":27},"end":{"line":32,"column":1}},"line":29}},"branchMap":{},"s":{"0":0,"1":0,"2":0,"3":0,"4":0,"5":0,"6":0,"7":0,"8":0,"9":0,"10":0,"11":0,"12":0,"13":0,"14":0,"15":0,"16":0,"17":0,"18":0},"f":{"0":0,"1":0,"2":0,"3":0,"4":0,"5":0},"b":{}}
,"/Users/befantastic/my_repos/bloglist-frontend/src/services/login.js": {"path":"/Users/befantastic/my_repos/bloglist-frontend/src/services/login.js","statementMap":{"0":{"start":{"line":2,"column":16},"end":{"line":2,"column":28}},"1":{"start":{"line":4,"column":14},"end":{"line":7,"column":1}},"2":{"start":{"line":5,"column":21},"end":{"line":5,"column":59}},"3":{"start":{"line":6,"column":4},"end":{"line":6,"column":24}}},"fnMap":{"0":{"name":"(anonymous_0)","decl":{"start":{"line":4,"column":14},"end":{"line":4,"column":15}},"loc":{"start":{"line":4,"column":37},"end":{"line":7,"column":1}},"line":4}},"branchMap":{},"s":{"0":0,"1":0,"2":0,"3":0},"f":{"0":0},"b":{}}
}
